<?xml version="1.0" encoding="UTF-8"?>
<!-- Generated by org.testng.reporters.JUnitReportReporter -->
<testsuite hostname="DELL-PC" name="org.Testing.TestScripts.TC3" tests="1" failures="0" timestamp="16 Apr 2019 18:02:01 GMT" time="27.255" errors="0">
  <testcase name="Like" time="27.255" classname="org.Testing.TestScripts.TC3"/>
</testsuite> <!-- org.Testing.TestScripts.TC3 -->
