<?xml version="1.0" encoding="UTF-8"?>
<!-- Generated by org.testng.reporters.JUnitReportReporter -->
<testsuite hostname="DELL-PC" name="org.Testing.TestScripts.TC4" tests="1" failures="0" timestamp="16 Apr 2019 18:04:41 GMT" time="37.720" errors="0">
  <testcase name="Subscribe" time="37.720" classname="org.Testing.TestScripts.TC4"/>
</testsuite> <!-- org.Testing.TestScripts.TC4 -->
