<?xml version="1.0" encoding="UTF-8"?>
<!-- Generated by org.testng.reporters.JUnitReportReporter -->
<testsuite hostname="DELL-PC" name="org.Testing.TestScripts.TC2" tests="1" failures="0" timestamp="13 Apr 2019 18:44:51 GMT" time="24.268" errors="0">
  <testcase name="Subscriptions" time="24.268" classname="org.Testing.TestScripts.TC2"/>
</testsuite> <!-- org.Testing.TestScripts.TC2 -->
